<html>
<body>
<pre>
<h1>µVision Build Log</h1>
<h2>Tool Versions:</h2>
IDE-Version: ¦ÌVision V5.21.1.0
Copyright (C) 2016 ARM Ltd and ARM Germany GmbH. All rights reserved.
License Information: yang yangxiu, NEU, LIC=0VR9U-SYYDW-77IRP-MUNWS-YTS5Z-GJ3WM
 
Tool Versions:
Toolchain:       MDK-ARM Professional  Version: 5.21a
Toolchain Path:  D:\program files\mdk521a\ARM\ARMCC\Bin
C Compiler:      Armcc.exe V5.06 update 3 (build 300)
Assembler:       Armasm.exe V5.06 update 3 (build 300)
Linker/Locator:  ArmLink.exe V5.06 update 3 (build 300)
Library Manager: ArmAr.exe V5.06 update 3 (build 300)
Hex Converter:   FromElf.exe V5.06 update 3 (build 300)
CPU DLL:         SARMCM3.DLL V5.21a
Dialog DLL:      DCM.DLL V1.13.8.0
Target DLL:      Segger\JL2CM3.dll V2.99.23.0
Dialog DLL:      TCM.DLL V1.14.14.0
 
<h2>Project:</h2>
C:\Users\yangxiu\Desktop\LIAONING\qiaocub\software\MDK-ARM\demo.uvprojx
Project File Date:  10/01/2017

<h2>Output:</h2>
*** Using Compiler 'V5.06 update 3 (build 300)', folder: 'D:\program files\mdk521a\ARM\ARMCC\Bin'
Build target 'ACTION'
compiling task.c...
..\Action_User\task.h(75): warning:  #65-D: expected a ";"
  }Walk_t;
..\Action_User\task.h(182): warning:  #381-D: extra ";" ignored
    uint32_t area[];;
..\Action_User\task.h(182): error:  #70: incomplete type is not allowed
    uint32_t area[];;
..\Action_User\task.c: 2 warnings, 1 error
compiling main.c...
..\Action_User\task.h(75): warning:  #65-D: expected a ";"
  }Walk_t;
..\Action_User\task.h(182): warning:  #381-D: extra ";" ignored
    uint32_t area[];;
..\Action_User\task.h(182): error:  #70: incomplete type is not allowed
    uint32_t area[];;
..\Action_User\main.c: 2 warnings, 1 error
compiling sweep.c...
..\Action_User\task.h(75): warning:  #65-D: expected a ";"
  }Walk_t;
..\Action_User\task.h(182): warning:  #381-D: extra ";" ignored
    uint32_t area[];;
..\Action_User\task.h(182): error:  #70: incomplete type is not allowed
    uint32_t area[];;
..\Action_User\sweep.c: 2 warnings, 1 error
compiling avoid.c...
..\Action_User\task.h(75): warning:  #65-D: expected a ";"
  }Walk_t;
..\Action_User\task.h(182): warning:  #381-D: extra ";" ignored
    uint32_t area[];;
..\Action_User\task.h(182): error:  #70: incomplete type is not allowed
    uint32_t area[];;
..\Action_User\avoid.c: 2 warnings, 1 error
compiling shoot.c...
..\Action_User\task.h(75): warning:  #65-D: expected a ";"
  }Walk_t;
..\Action_User\task.h(182): warning:  #381-D: extra ";" ignored
    uint32_t area[];;
..\Action_User\task.h(182): error:  #70: incomplete type is not allowed
    uint32_t area[];;
..\Action_User\shoot.c: 2 warnings, 1 error
compiling camera.c...
..\Action_User\task.h(75): warning:  #65-D: expected a ";"
  }Walk_t;
..\Action_User\task.h(182): warning:  #381-D: extra ";" ignored
    uint32_t area[];;
..\Action_User\task.h(182): error:  #70: incomplete type is not allowed
    uint32_t area[];;
..\Action_User\camera.c: 2 warnings, 1 error
compiling circle.c...
..\Action_User\task.h(75): warning:  #65-D: expected a ";"
  }Walk_t;
..\Action_User\task.h(182): warning:  #381-D: extra ";" ignored
    uint32_t area[];;
..\Action_User\task.h(182): error:  #70: incomplete type is not allowed
    uint32_t area[];;
..\Action_User\circle.c: 2 warnings, 1 error
compiling pid.c...
..\Action_User\task.h(75): warning:  #65-D: expected a ";"
  }Walk_t;
..\Action_User\task.h(182): warning:  #381-D: extra ";" ignored
    uint32_t area[];;
..\Action_User\task.h(182): error:  #70: incomplete type is not allowed
    uint32_t area[];;
..\Action_User\pid.c: 2 warnings, 1 error
compiling fix.c...
..\Action_User\task.h(75): warning:  #65-D: expected a ";"
  }Walk_t;
..\Action_User\task.h(182): warning:  #381-D: extra ";" ignored
    uint32_t area[];;
..\Action_User\task.h(182): error:  #70: incomplete type is not allowed
    uint32_t area[];;
..\Action_User\fix.c: 2 warnings, 1 error
compiling collect.c...
..\Action_User\task.h(75): warning:  #65-D: expected a ";"
  }Walk_t;
..\Action_User\task.h(182): warning:  #381-D: extra ";" ignored
    uint32_t area[];;
..\Action_User\task.h(182): error:  #70: incomplete type is not allowed
    uint32_t area[];;
..\Action_User\collect.c: 2 warnings, 1 error
compiling test.c...
..\Action_User\task.h(75): warning:  #65-D: expected a ";"
  }Walk_t;
..\Action_User\task.h(182): warning:  #381-D: extra ";" ignored
    uint32_t area[];;
..\Action_User\task.h(182): error:  #70: incomplete type is not allowed
    uint32_t area[];;
..\Action_User\test.c: 2 warnings, 1 error
compiling debug.c...
..\Action_User\task.h(75): warning:  #65-D: expected a ";"
  }Walk_t;
..\Action_User\task.h(182): warning:  #381-D: extra ";" ignored
    uint32_t area[];;
..\Action_User\task.h(182): error:  #70: incomplete type is not allowed
    uint32_t area[];;
..\Action_User\debug.c: 2 warnings, 1 error
compiling motor.c...
..\Action_User\task.h(75): warning:  #65-D: expected a ";"
  }Walk_t;
..\Action_User\task.h(182): warning:  #381-D: extra ";" ignored
    uint32_t area[];;
..\Action_User\task.h(182): error:  #70: incomplete type is not allowed
    uint32_t area[];;
..\Action_User\motor.c: 2 warnings, 1 error
compiling stm32f4xx_it.c...
..\Action_User\task.h(75): warning:  #65-D: expected a ";"
  }Walk_t;
..\Action_User\task.h(182): warning:  #381-D: extra ";" ignored
    uint32_t area[];;
..\Action_User\task.h(182): error:  #70: incomplete type is not allowed
    uint32_t area[];;
..\Action_User\stm32f4xx_it.c: 2 warnings, 1 error
compiling timer.c...
..\Action_User\task.h(75): warning:  #65-D: expected a ";"
  }Walk_t;
..\Action_User\task.h(182): warning:  #381-D: extra ";" ignored
    uint32_t area[];;
..\Action_User\task.h(182): error:  #70: incomplete type is not allowed
    uint32_t area[];;
..\Action_User\timer.c: 2 warnings, 1 error
compiling condition.c...
..\Action_User\task.h(75): warning:  #65-D: expected a ";"
  }Walk_t;
..\Action_User\task.h(182): warning:  #381-D: extra ";" ignored
    uint32_t area[];;
..\Action_User\task.h(182): error:  #70: incomplete type is not allowed
    uint32_t area[];;
..\Action_User\condition.c: 2 warnings, 1 error
compiling tools.c...
..\Action_User\task.h(75): warning:  #65-D: expected a ";"
  }Walk_t;
..\Action_User\task.h(182): warning:  #381-D: extra ";" ignored
    uint32_t area[];;
..\Action_User\task.h(182): error:  #70: incomplete type is not allowed
    uint32_t area[];;
..\Action_User\tools.c: 2 warnings, 1 error
".\SZW_STM32F407\demo.axf" - 17 Error(s), 34 Warning(s).

<h2>Collection of Component include folders:</h2>
  C:\Users\yangxiu\Desktop\LIAONING\qiaocub\software\MDK-ARM\RTE
  D:\program files\mdk521a\ARM\PACK\Keil\STM32F4xx_DFP\2.11.0\Drivers\CMSIS\Device\ST\STM32F4xx\Include

<h2>Collection of Component Files used:</h2>
Target not created.
Build Time Elapsed:  00:00:13
</pre>
</body>
</html>
